(4)[2020/01/08 10:34:27.394]
D:\Users\jianglong\Desktop\文件夹

(6)[2020/01/08 10:34:27.738]
D:\Users\jianglong\Desktop\右键管家.lnk

(27)[2020/01/08 10:34:27.769]
D:\Users\jianglong\Desktop\SecureCRT.lnk

(37)[2020/01/08 10:34:27.785]
D:\Users\jianglong\Desktop\Reflector.lnk

(38)[2020/01/08 10:34:27.785]
D:\Users\jianglong\Desktop\RedisDesktopManager.lnk

(39)[2020/01/08 10:34:27.800]
D:\Users\jianglong\Desktop\Public.lnk

(40)[2020/01/08 10:34:27.831]
D:\Users\jianglong\Desktop\Postman.lnk

(41)[2020/01/08 10:34:27.847]
D:\Users\jianglong\Desktop\Photoshop CC 2017.lnk

(42)[2020/01/08 10:34:27.863]
D:\Users\jianglong\Desktop\Notepad++.lnk

(43)[2020/01/08 10:34:27.878]
D:\Users\jianglong\Desktop\Navicat Premium 12.lnk

(44)[2020/01/08 10:34:27.894]
D:\Users\jianglong\Desktop\Microsoft Edge.lnk

(45)[2020/01/08 10:34:27.909]
D:\Users\jianglong\Desktop\L梁箫.lnk

(46)[2020/01/08 10:34:27.925]
D:\Users\jianglong\Desktop\J蒋龙.lnk

(47)[2020/01/08 10:34:27.956]
D:\Users\jianglong\Desktop\JOSM.lnk

(48)[2020/01/08 10:34:27.956]
D:\Users\jianglong\Desktop\JetBrains WebStorm 2019.3 x64.lnk

(49)[2020/01/08 10:34:27.972]
D:\Users\jianglong\Desktop\IntelliJ IDEA 2019.2.4 x64.lnk

(50)[2020/01/08 10:34:27.988]
D:\Users\jianglong\Desktop\hosts.lnk

(51)[2020/01/08 10:34:28.097]
D:\Users\jianglong\Desktop\HeidiSQL.lnk

(52)[2020/01/08 10:34:28.128]
D:\Users\jianglong\Desktop\Greenfish Icon Editor Pro.lnk

(53)[2020/01/08 10:34:28.144]
D:\Users\jianglong\Desktop\Google Chrome.lnk

(54)[2020/01/08 10:34:28.159]
D:\Users\jianglong\Desktop\Git Bash.lnk

(55)[2020/01/08 10:34:28.175]
D:\Users\jianglong\Desktop\FileZilla Server Interface.lnk

(56)[2020/01/08 10:34:28.191]
D:\Users\jianglong\Desktop\FileZilla Client.lnk

(57)[2020/01/08 10:34:28.206]
D:\Users\jianglong\Desktop\Everything.lnk

(58)[2020/01/08 10:34:28.238]
D:\Users\jianglong\Desktop\Epic Games Launcher.lnk

(59)[2020/01/08 10:34:28.253]
D:\Users\jianglong\Desktop\Eclipse Java 2019-03.lnk

(60)[2020/01/08 10:34:28.269]
D:\Users\jianglong\Desktop\CommonUtils-dot-net-core.lnk

(61)[2020/01/08 10:34:28.284]
D:\Users\jianglong\Desktop\CommonUtils.lnk

(62)[2020/01/08 10:34:28.300]
D:\Users\jianglong\Desktop\BlueStacks蓝叠.lnk

(63)[2020/01/08 10:34:28.316]
D:\Users\jianglong\Desktop\Asset Store-5.x.lnk

(64)[2020/01/08 10:34:28.331]
D:\Users\jianglong\Desktop\android studio.lnk

(65)[2020/01/08 10:34:28.347]
D:\Users\jianglong\Desktop\Adobe Photoshop CC 2017.lnk

(66)[2020/01/08 10:34:28.362]
D:\Users\jianglong\Desktop\7-Zip File Manager.lnk

(67)[2020/01/08 10:34:28.378]
D:\Users\Public\Desktop\WinRAR.lnk

(68)[2020/01/08 10:34:28.409]
D:\Users\jianglong\Desktop\新建 文本文档.txt

(69)[2020/01/08 10:34:28.425]
D:\Users\jianglong\Desktop\todo.txt

(70)[2020/01/08 10:34:28.441]
D:\Users\jianglong\Desktop\NormalIcon.png

(71)[2020/01/08 10:34:28.472]
D:\Users\jianglong\Desktop\新建 文本文档 (2).json

(72)[2020/01/08 10:34:28.487]
D:\Users\jianglong\Desktop\瀛洲智眼Web.url

(73)[2020/01/08 10:34:28.487]
D:\Users\jianglong\Desktop\瀛洲智眼Tapd.url

(74)[2020/01/08 10:34:28.503]
D:\Users\jianglong\Desktop\瀛洲智眼API.url

(75)[2020/01/08 10:34:28.519]
D:\Users\jianglong\Desktop\我的工作项.url

(76)[2020/01/08 10:34:28.534]
D:\Users\jianglong\Desktop\日报.url

(77)[2020/01/08 10:34:28.550]
D:\Users\jianglong\Desktop\yf-server.url

(78)[2020/01/08 10:34:28.550]
D:\Users\jianglong\Desktop\tfs.url

(79)[2020/01/08 10:34:45.546]
D:\Subversion\一键拉取所有项目.bat

(83)[2020/01/08 10:34:45.562]
D:\Users\jianglong\Pictures

(89)[2020/01/08 10:34:45.562]
D:\Subversion

(93)[2020/01/08 10:34:45.593]
D:\Users\jianglong\OneDrive

(94)[2020/01/08 10:34:45.593]
D:\Subversion\Product_MKDV

(100)[2020/01/08 10:34:45.624]
D:\Subversion\CommonUtils-dot-net-core

(101)[2020/01/08 10:34:45.624]
D:\Subversion\CommonUtils-dot-net

(102)[2020/01/08 10:34:45.640]
D:\Users\jianglong\3D Objects

(108)[2020/01/08 10:34:45.687]
D:\Users\jianglong\Music

(114)[2020/01/08 10:34:45.687]
D:\Subversion\admin-sbp-server

(115)[2020/01/08 10:34:47.342]
D:\~backup

(123)[2020/01/08 10:34:47.389]
D:\TortoiseGitNotPushedIconOverlayor

(125)[2020/01/08 10:34:47.405]
D:\Subversion

(128)[2020/01/08 10:34:47.436]
D:\projects-idea

(129)[2020/01/08 10:34:47.452]
D:\projects-android

(130)[2020/01/08 10:34:47.468]
D:\projects

(131)[2020/01/08 10:34:47.499]
D:\Program_Files

(132)[2020/01/08 10:34:47.499]
D:\Program Files (x86)

(133)[2020/01/08 10:34:47.515]
D:\Program Files

(134)[2020/01/08 10:34:47.530]
D:\MapTiles

(135)[2020/01/08 10:34:47.546]
D:\IIS

(136)[2020/01/08 10:34:48.827]
D:\~runtimes\log

(137)[2020/01/08 10:34:49.670]
D:\~runtimes\log\log-20200108.log

(138)[2020/01/08 10:34:49.826]
D:\~runtimes\log\log-20200108.log

(139)[2020/01/08 10:34:50.420]
D:\~runtimes\log\log-20200108.log

(140)[2020/01/08 10:34:50.935]
D:\

(147)[2020/01/08 10:34:50.998]
D:\~runtimes\log\log-20200108.log

(148)[2020/01/08 10:34:51.498]
D:\~runtimes\log\log-20200108.log

(149)[2020/01/08 10:34:51.998]
D:\~runtimes\log\log-20200108.log

(150)[2020/01/08 10:34:52.498]
D:\~runtimes\log\log-20200108.log

(151)[2020/01/08 10:34:52.997]
D:\~runtimes\log\log-20200108.log

(152)[2020/01/08 10:34:53.513]
D:\~runtimes\log\log-20200108.log

(153)[2020/01/08 10:34:53.997]
D:\~runtimes\log\log-20200108.log

(154)[2020/01/08 10:34:54.497]
D:\~runtimes\log\log-20200108.log

(155)[2020/01/08 10:34:54.997]
D:\~runtimes\log\log-20200108.log

(156)[2020/01/08 10:34:55.512]
D:\~runtimes\log\log-20200108.log

(157)[2020/01/08 10:34:55.997]
D:\~runtimes\log\log-20200108.log

(158)[2020/01/08 10:34:56.512]
D:\~runtimes\log\log-20200108.log

(159)[2020/01/08 10:34:56.996]
D:\~runtimes\log\log-20200108.log

(160)[2020/01/08 10:34:57.512]
D:\~runtimes\log\log-20200108.log

(161)[2020/01/08 10:34:57.996]
D:\~runtimes\log\log-20200108.log

(162)[2020/01/08 10:34:58.496]
D:\~runtimes\log\log-20200108.log

(163)[2020/01/08 10:34:58.996]
D:\~runtimes\log\log-20200108.log

(164)[2020/01/08 10:34:59.511]
D:\~runtimes\log\log-20200108.log

(165)[2020/01/08 10:35:00.027]
D:\~runtimes\log\log-20200108.log

(166)[2020/01/08 10:35:00.496]
D:\~runtimes\log\log-20200108.log

(167)[2020/01/08 10:35:00.996]
D:\~runtimes\log\log-20200108.log

(168)[2020/01/08 10:35:01.495]
D:\~runtimes\log\log-20200108.log

(169)[2020/01/08 10:35:01.995]
D:\~runtimes\log\log-20200108.log

(170)[2020/01/08 10:35:02.495]
D:\~runtimes\log\log-20200108.log

(171)[2020/01/08 10:35:03.011]
D:\~runtimes\log\log-20200108.log

(172)[2020/01/08 10:35:03.511]
D:\~runtimes\log\log-20200108.log

(173)[2020/01/08 10:35:04.026]
D:\~runtimes\log\log-20200108.log

(174)[2020/01/08 10:35:04.526]
D:\~runtimes\log\log-20200108.log

(175)[2020/01/08 10:35:05.026]
D:\~runtimes\log\log-20200108.log

(176)[2020/01/08 10:35:05.526]
D:\~runtimes\log\log-20200108.log

(177)[2020/01/08 10:35:06.026]
D:\~runtimes\log\log-20200108.log

(178)[2020/01/08 10:35:06.557]
D:\~runtimes\log\log-20200108.log

(179)[2020/01/08 10:35:07.041]
D:\~runtimes\log\log-20200108.log

(180)[2020/01/08 10:35:07.541]
D:\~runtimes\log\log-20200108.log

(181)[2020/01/08 10:35:08.369]
D:\~runtimes\log\log-20200108.log

(182)[2020/01/08 10:35:08.556]
D:\~runtimes\log\log-20200108.log

(183)[2020/01/08 10:35:09.056]
D:\~runtimes\log\log-20200108.log

(184)[2020/01/08 10:35:09.540]
D:\~runtimes\log\log-20200108.log

(185)[2020/01/08 10:35:10.056]
D:\~runtimes\log\log-20200108.log

(186)[2020/01/08 10:35:10.540]
D:\~runtimes\log\log-20200108.log

(187)[2020/01/08 10:35:11.056]
D:\~runtimes\log\log-20200108.log

(188)[2020/01/08 10:35:11.540]
D:\~runtimes\log\log-20200108.log

(189)[2020/01/08 10:35:12.040]
D:\~runtimes\log\log-20200108.log

(190)[2020/01/08 10:35:12.352]
D:\~runtimes\log\log-20200108.log

(191)[2020/01/08 10:35:12.540]
D:\~runtimes\log\log-20200108.log

(192)[2020/01/08 10:35:13.055]
D:\~runtimes\log\log-20200108.log

(193)[2020/01/08 10:35:13.352]
D:\Users\jianglong\Desktop\文件夹

(196)[2020/01/08 10:35:13.414]
D:\Users\jianglong\Desktop

(202)[2020/01/08 10:35:13.430]
C:\

(203)[2020/01/08 10:35:13.446]
D:\Users\jianglong\3D Objects

(208)[2020/01/08 10:35:13.446]
D:\Users\jianglong\Music

(213)[2020/01/08 10:35:13.493]
D:\Users\jianglong\Desktop

(215)[2020/01/08 10:35:13.508]
D:\

(216)[2020/01/08 10:35:13.508]
C:\

(217)[2020/01/08 10:35:13.524]
D:\Subversion

(218)[2020/01/08 10:35:13.524]
D:\Users\jianglong\Pictures

(219)[2020/01/08 10:35:13.539]
D:\Users\jianglong\Documents

(221)[2020/01/08 10:35:14.055]
D:\~runtimes\log\log-20200108.log

(222)[2020/01/08 10:35:14.539]
D:\~runtimes\log\log-20200108.log

(223)[2020/01/08 10:35:15.039]
D:\~runtimes\log\log-20200108.log

(224)[2020/01/08 10:35:15.539]
D:\~runtimes\log\log-20200108.log

(225)[2020/01/08 10:35:16.023]
D:\~runtimes\log\log-20200108.log

(226)[2020/01/08 10:35:16.539]
D:\~runtimes\log\log-20200108.log

(227)[2020/01/08 10:35:17.320]
D:\~runtimes\log\log-20200108.log

(228)[2020/01/08 10:35:17.601]
D:\~runtimes\log\log-20200108.log

(229)[2020/01/08 10:35:18.070]
D:\~runtimes\log\log-20200108.log

(230)[2020/01/08 10:35:18.663]
D:\~runtimes\log\log-20200108.log

(231)[2020/01/08 10:35:19.101]
D:\~runtimes\log\log-20200108.log

(232)[2020/01/08 10:35:19.585]
D:\~runtimes\log\log-20200108.log

(233)[2020/01/08 10:35:19.647]
D:\~runtimes\log\log-20200108.log

(234)[2020/01/08 10:35:19.679]
D:\~runtimes\log\log-20200108.log

(235)[2020/01/08 10:35:20.085]
D:\~runtimes\log\log-20200108.log

(236)[2020/01/08 10:35:20.585]
D:\~runtimes\log\log-20200108.log

(237)[2020/01/08 10:35:21.085]
D:\~runtimes\log\log-20200108.log

(238)[2020/01/08 10:35:21.334]
D:\~runtimes\log\log-20200108.log

(239)[2020/01/08 10:35:21.834]
D:\~runtimes\log\log-20200108.log

(240)[2020/01/08 10:35:22.319]
D:\~runtimes\log\log-20200108.log

(241)[2020/01/08 10:35:22.818]
D:\~runtimes\log\log-20200108.log

(242)[2020/01/08 10:35:23.318]
D:\~runtimes\log\log-20200108.log

(243)[2020/01/08 10:35:23.803]
D:\~runtimes\log\log-20200108.log

(244)[2020/01/08 10:35:24.303]
D:\~runtimes\log\log-20200108.log

(245)[2020/01/08 10:35:24.802]
D:\~runtimes\log\log-20200108.log

(246)[2020/01/08 10:35:25.302]
D:\~runtimes\log\log-20200108.log

(247)[2020/01/08 10:35:25.802]
D:\~runtimes\log\log-20200108.log

(248)[2020/01/08 10:35:26.318]
D:\~runtimes\log\log-20200108.log

(249)[2020/01/08 10:35:26.802]
D:\~runtimes\log\log-20200108.log

(250)[2020/01/08 10:35:27.302]
D:\~runtimes\log\log-20200108.log

(251)[2020/01/08 10:35:27.802]
D:\~runtimes\log\log-20200108.log

(252)[2020/01/08 10:35:28.317]
D:\~runtimes\log\log-20200108.log

(253)[2020/01/08 10:35:28.801]
D:\~runtimes\log\log-20200108.log

(254)[2020/01/08 10:35:29.317]
D:\~runtimes\log\log-20200108.log

(255)[2020/01/08 10:35:30.129]
D:\Users\jianglong\Desktop\BlueStacks蓝叠.lnk

(257)[2020/01/08 10:35:30.129]
D:\Users\jianglong\Desktop\Asset Store-5.x.lnk

(258)[2020/01/08 10:35:30.129]
D:\Users\jianglong\Desktop\android studio.lnk

(259)[2020/01/08 10:35:30.145]
D:\Users\jianglong\Desktop\Adobe Photoshop CC 2017.lnk

(260)[2020/01/08 10:35:30.145]
D:\Users\jianglong\Desktop\7-Zip File Manager.lnk

(261)[2020/01/08 10:35:30.161]
D:\Users\Public\Desktop\WinRAR.lnk

(262)[2020/01/08 10:35:30.161]
D:\Users\jianglong\Desktop\新建 文本文档.txt

(263)[2020/01/08 10:35:30.176]
D:\Users\jianglong\Desktop\todo.txt

(264)[2020/01/08 10:35:30.270]
D:\Users\jianglong\Desktop\Subversion.lnk

(265)[2020/01/08 10:35:30.285]
D:\Users\jianglong\Desktop\右键管家.lnk

(266)[2020/01/08 10:35:30.285]
D:\Users\jianglong\Desktop\迅雷.lnk

(267)[2020/01/08 10:35:30.301]
D:\Users\jianglong\Desktop\向日葵.lnk

(268)[2020/01/08 10:35:30.301]
D:\Users\jianglong\Desktop\网易有道词典.lnk

(269)[2020/01/08 10:35:30.317]
D:\Users\jianglong\Desktop\启动.lnk

(270)[2020/01/08 10:35:30.332]
D:\Users\jianglong\Desktop\蓝叠多开管理.lnk

(272)[2020/01/08 10:35:30.332]
D:\Users\jianglong\Desktop\金山词霸2016.lnk

(273)[2020/01/08 10:35:30.348]
D:\Users\jianglong\Desktop\红杏加速器.lnk

(274)[2020/01/08 10:35:30.364]
D:\Users\jianglong\Desktop\海马玩模拟器.lnk

(275)[2020/01/08 10:35:30.364]
D:\Users\jianglong\Desktop\公用桌面.lnk

(276)[2020/01/08 10:35:30.379]
D:\Users\jianglong\Desktop\程序.lnk

(277)[2020/01/08 10:35:30.379]
D:\Users\jianglong\Desktop\必应词典.lnk

(278)[2020/01/08 10:35:30.395]
D:\Users\jianglong\Desktop\yzzy二期.lnk

(279)[2020/01/08 10:35:30.395]
D:\Users\jianglong\Desktop\Word.lnk

(280)[2020/01/08 10:35:30.410]
D:\Users\jianglong\Desktop\Wireshark.lnk

(281)[2020/01/08 10:35:30.410]
D:\Users\jianglong\Desktop\VMware Workstation Pro.lnk

(282)[2020/01/08 10:35:30.426]
D:\Users\jianglong\Desktop\Visual Studio Installer.lnk

(283)[2020/01/08 10:35:30.442]
D:\Users\jianglong\Desktop\Visual Studio Code.lnk

(284)[2020/01/08 10:35:30.442]
D:\Users\jianglong\Desktop\Visual Studio 2019.lnk

(285)[2020/01/08 10:35:30.457]
D:\Users\jianglong\Desktop\Visio.lnk

(286)[2020/01/08 10:35:30.457]
D:\Users\jianglong\Desktop\Unreal Engine.lnk

(287)[2020/01/08 10:35:30.473]
D:\Users\jianglong\Desktop\Unity Hub.lnk

(288)[2020/01/08 10:35:30.473]
D:\Users\jianglong\Desktop\UltraISO.lnk

(289)[2020/01/08 10:35:30.489]
D:\Users\jianglong\Desktop\Typora.lnk

(290)[2020/01/08 10:35:30.504]
D:\Users\jianglong\Desktop\TsRemux.lnk

(292)[2020/01/08 10:35:30.520]
D:\Users\jianglong\Desktop\TortoiseGitNotPushedIconOverlayor.lnk

(293)[2020/01/08 10:35:30.535]
D:\Users\jianglong\Desktop\TeamViewer.lnk

(294)[2020/01/08 10:35:30.535]
D:\Users\jianglong\Desktop\TaskBar.lnk

(295)[2020/01/08 10:35:30.551]
D:\Users\jianglong\Desktop\Steam.lnk

(296)[2020/01/08 10:35:30.567]
D:\Users\jianglong\Desktop\SQLite Expert Personal 5 - 64bit.lnk

(297)[2020/01/08 10:35:30.567]
D:\Users\jianglong\Desktop\SecureCRT.lnk

(298)[2020/01/08 10:35:30.582]
D:\Users\jianglong\Desktop\Reflector.lnk

(299)[2020/01/08 10:35:30.598]
D:\Users\jianglong\Desktop\RedisDesktopManager.lnk

(300)[2020/01/08 10:35:30.598]
D:\Users\jianglong\Desktop\Public.lnk

(301)[2020/01/08 10:35:30.614]
D:\Users\jianglong\Desktop\Postman.lnk

(302)[2020/01/08 10:35:30.614]
D:\Users\jianglong\Desktop\Photoshop CC 2017.lnk

(303)[2020/01/08 10:35:30.629]
D:\Users\jianglong\Desktop\Notepad++.lnk

(304)[2020/01/08 10:35:30.629]
D:\Users\jianglong\Desktop\Navicat Premium 12.lnk

(305)[2020/01/08 10:35:30.645]
D:\Users\jianglong\Desktop\Microsoft Edge.lnk

(306)[2020/01/08 10:35:30.645]
D:\Users\jianglong\Desktop\L梁箫.lnk

(307)[2020/01/08 10:35:30.660]
D:\Users\jianglong\Desktop\J蒋龙.lnk

(308)[2020/01/08 10:35:30.660]
D:\Users\jianglong\Desktop\JOSM.lnk

(309)[2020/01/08 10:35:30.676]
D:\Users\jianglong\Desktop\JetBrains WebStorm 2019.3 x64.lnk

(310)[2020/01/08 10:35:30.676]
D:\Users\jianglong\Desktop\IntelliJ IDEA 2019.2.4 x64.lnk

(311)[2020/01/08 10:35:30.692]
D:\Users\jianglong\Desktop\hosts.lnk

(312)[2020/01/08 10:35:30.707]
D:\Users\jianglong\Desktop\HeidiSQL.lnk

(313)[2020/01/08 10:35:30.707]
D:\Users\jianglong\Desktop\Greenfish Icon Editor Pro.lnk

(314)[2020/01/08 10:35:30.723]
D:\Users\jianglong\Desktop\Google Chrome.lnk

(315)[2020/01/08 10:35:30.723]
D:\Users\jianglong\Desktop\Git Bash.lnk

(316)[2020/01/08 10:35:30.738]
D:\Users\jianglong\Desktop\FileZilla Server Interface.lnk

(317)[2020/01/08 10:35:30.738]
D:\Users\jianglong\Desktop\FileZilla Client.lnk

(318)[2020/01/08 10:35:30.754]
D:\Users\jianglong\Desktop\Everything.lnk

(319)[2020/01/08 10:35:30.754]
D:\Users\jianglong\Desktop\Epic Games Launcher.lnk

(320)[2020/01/08 10:35:30.770]
D:\Users\jianglong\Desktop\Eclipse Java 2019-03.lnk

(321)[2020/01/08 10:35:30.770]
D:\Users\jianglong\Desktop\CommonUtils-dot-net-core.lnk

(322)[2020/01/08 10:35:30.785]
D:\Users\jianglong\Desktop\NormalIcon.png

(323)[2020/01/08 10:35:30.785]
D:\Users\jianglong\Desktop\新建 文本文档 (2).json

(324)[2020/01/08 10:35:30.801]
D:\Users\jianglong\Desktop\瀛洲智眼Web.url

(325)[2020/01/08 10:35:30.801]
D:\Users\jianglong\Desktop\瀛洲智眼Tapd.url

(326)[2020/01/08 10:35:30.817]
D:\Users\jianglong\Desktop\瀛洲智眼API.url

(327)[2020/01/08 10:35:30.817]
D:\Users\jianglong\Desktop\我的工作项.url

(328)[2020/01/08 10:35:30.832]
D:\Users\jianglong\Desktop\日报.url

(329)[2020/01/08 10:35:30.832]
D:\Users\jianglong\Desktop\yf-server.url

(330)[2020/01/08 10:35:30.832]
D:\Users\jianglong\Desktop\tfs.url

(331)[2020/01/08 10:35:30.848]
D:\Users\jianglong\Desktop\osm.url

(332)[2020/01/08 10:35:30.848]
D:\Users\jianglong\Desktop\Azure DevOps.url

(333)[2020/01/08 10:35:30.863]
D:\Users\jianglong\Desktop\文件夹

(334)[2020/01/08 10:35:30.863]
D:\Users\jianglong\Desktop\快捷方式

(335)[2020/01/08 10:35:30.957]
D:\~runtimes\log\log-20200108.log

(336)[2020/01/08 10:35:31.457]
D:\~runtimes\log\log-20200108.log

(337)[2020/01/08 10:35:31.973]
D:\~runtimes\log\log-20200108.log

(338)[2020/01/08 10:35:32.176]
D:\~runtimes\log\log-20200108.log

(339)[2020/01/08 10:35:32.676]
D:\~runtimes\log\log-20200108.log

(340)[2020/01/08 10:35:33.175]
D:\~runtimes\log\log-20200108.log

(341)[2020/01/08 10:35:33.675]
D:\~runtimes\log\log-20200108.log

(342)[2020/01/08 10:35:34.175]
D:\~runtimes\log\log-20200108.log

(343)[2020/01/08 10:35:34.675]
D:\~runtimes\log\log-20200108.log

(344)[2020/01/08 10:35:35.191]
D:\~runtimes\log\log-20200108.log

(345)[2020/01/08 10:35:35.675]
D:\~runtimes\log\log-20200108.log

(346)[2020/01/08 10:35:36.190]
D:\~runtimes\log\log-20200108.log

(347)[2020/01/08 10:35:36.675]
D:\~runtimes\log\log-20200108.log

(348)[2020/01/08 10:35:36.862]
D:\~runtimes\log\log-20200108.log

(349)[2020/01/08 10:35:36.925]
D:\~runtimes\log\log-20200108.log

(350)[2020/01/08 10:35:37.438]
D:\~runtimes\log\log-20200108.log

(351)[2020/01/08 10:35:37.941]
D:\~runtimes\log\log-20200108.log

(352)[2020/01/08 10:35:38.441]
D:\~runtimes\log\log-20200108.log

(353)[2020/01/08 10:35:38.941]
D:\~runtimes\log\log-20200108.log

(354)[2020/01/08 10:35:39.434]
D:\~runtimes\log\log-20200108.log

(355)[2020/01/08 10:35:39.923]
D:\~runtimes\log\log-20200108.log

(356)[2020/01/08 10:35:40.448]
D:\~runtimes\log\log-20200108.log

(357)[2020/01/08 10:35:40.936]
D:\~runtimes\log\log-20200108.log

(358)[2020/01/08 10:35:41.433]
D:\~runtimes\log\log-20200108.log

(359)[2020/01/08 10:35:41.973]
D:\~runtimes\log\log-20200108.log

(360)[2020/01/08 10:35:42.490]
D:\~runtimes\log\log-20200108.log

(361)[2020/01/08 10:35:42.989]
D:\~runtimes\log\log-20200108.log

(362)[2020/01/08 10:35:43.501]
D:\~runtimes\log\log-20200108.log

(363)[2020/01/08 10:35:43.967]
D:\~runtimes\log\log-20200108.log

(364)[2020/01/08 10:35:44.501]
D:\~runtimes\log\log-20200108.log

(365)[2020/01/08 10:35:44.988]
D:\~runtimes\log\log-20200108.log

(366)[2020/01/08 10:35:45.505]
D:\~runtimes\log\log-20200108.log

(367)[2020/01/08 10:35:46.052]
D:\~runtimes\log\log-20200108.log

(368)[2020/01/08 10:35:46.524]
D:\~runtimes\log\log-20200108.log

(369)[2020/01/08 10:35:47.022]
D:\~runtimes\log\log-20200108.log

(370)[2020/01/08 10:35:47.528]
D:\~runtimes\log\log-20200108.log

(371)[2020/01/08 10:35:48.040]
D:\~runtimes\log\log-20200108.log

(372)[2020/01/08 10:35:48.503]
D:\~runtimes\log\log-20200108.log

(373)[2020/01/08 10:35:49.003]
D:\~runtimes\log\log-20200108.log

(374)[2020/01/08 10:35:49.517]
D:\~runtimes\log\log-20200108.log

(375)[2020/01/08 10:35:50.029]
D:\~runtimes\log\log-20200108.log

(376)[2020/01/08 10:35:50.548]
D:\~runtimes\log\log-20200108.log

(377)[2020/01/08 10:35:51.034]
D:\~runtimes\log\log-20200108.log

(378)[2020/01/08 10:35:51.480]
D:\~runtimes\log\log-20200108.log

(379)[2020/01/08 10:35:52.002]
D:\~runtimes\log\log-20200108.log

(380)[2020/01/08 10:35:52.547]
D:\~runtimes\log\log-20200108.log

(381)[2020/01/08 10:35:53.049]
D:\~runtimes\log\log-20200108.log

(382)[2020/01/08 10:35:53.538]
D:\~runtimes\log\log-20200108.log

(383)[2020/01/08 10:35:54.014]
D:\~runtimes\log\log-20200108.log

(384)[2020/01/08 10:35:54.552]
D:\~runtimes\log\log-20200108.log

(385)[2020/01/08 10:35:55.054]
D:\~runtimes\log\log-20200108.log

(386)[2020/01/08 10:35:55.513]
D:\~runtimes\log\log-20200108.log

(387)[2020/01/08 10:35:56.030]
D:\~runtimes\log\log-20200108.log

(388)[2020/01/08 10:35:56.534]
D:\~runtimes\log\log-20200108.log

(389)[2020/01/08 10:35:57.043]
D:\~runtimes\log\log-20200108.log

(390)[2020/01/08 10:35:57.531]
D:\~runtimes\log\log-20200108.log

(391)[2020/01/08 10:35:58.060]
D:\~runtimes\log\log-20200108.log

(392)[2020/01/08 10:35:58.574]
D:\~runtimes\log\log-20200108.log

(393)[2020/01/08 10:35:59.082]
D:\~runtimes\log\log-20200108.log

(394)[2020/01/08 10:35:59.595]
D:\~runtimes\log\log-20200108.log

(395)[2020/01/08 10:36:00.071]
D:\~runtimes\log\log-20200108.log

(396)[2020/01/08 10:36:00.598]
D:\~runtimes\log\log-20200108.log

(397)[2020/01/08 10:36:01.089]
D:\~runtimes\log\log-20200108.log

(398)[2020/01/08 10:36:01.587]
D:\~runtimes\log\log-20200108.log

(399)[2020/01/08 10:36:02.114]
D:\~runtimes\log\log-20200108.log

(400)[2020/01/08 10:36:02.595]
D:\~runtimes\log\log-20200108.log

(401)[2020/01/08 10:36:03.097]
D:\~runtimes\log\log-20200108.log

(402)[2020/01/08 10:36:03.606]
D:\~runtimes\log\log-20200108.log

(403)[2020/01/08 10:36:04.083]
D:\~runtimes\log\log-20200108.log

(404)[2020/01/08 10:36:04.623]
D:\~runtimes\log\log-20200108.log

(405)[2020/01/08 10:36:05.091]
D:\~runtimes\log\log-20200108.log

(406)[2020/01/08 10:36:05.614]
D:\~runtimes\log\log-20200108.log

(407)[2020/01/08 10:36:06.090]
D:\~runtimes\log\log-20200108.log

(408)[2020/01/08 10:36:06.612]
D:\~runtimes\log\log-20200108.log

(409)[2020/01/08 10:36:07.119]
D:\~runtimes\log\log-20200108.log

(410)[2020/01/08 10:36:07.631]
D:\~runtimes\log\log-20200108.log

(411)[2020/01/08 10:36:08.146]
D:\~runtimes\log\log-20200108.log

(412)[2020/01/08 10:36:08.625]
D:\~runtimes\log\log-20200108.log

(413)[2020/01/08 10:36:09.129]
D:\~runtimes\log\log-20200108.log

(414)[2020/01/08 10:36:09.593]
D:\~runtimes\log\log-20200108.log

(415)[2020/01/08 10:36:10.104]
D:\~runtimes\log\log-20200108.log

(416)[2020/01/08 10:36:10.605]
D:\~runtimes\log\log-20200108.log

(417)[2020/01/08 10:36:11.091]
D:\~runtimes\log\log-20200108.log

(418)[2020/01/08 10:36:11.573]
D:\~runtimes\log\log-20200108.log

(419)[2020/01/08 10:36:12.076]
D:\~runtimes\log\log-20200108.log

(420)[2020/01/08 10:36:12.593]
D:\~runtimes\log\log-20200108.log

(421)[2020/01/08 10:36:13.108]
D:\~runtimes\log\log-20200108.log

(422)[2020/01/08 10:36:13.602]
D:\~runtimes\log\log-20200108.log

(423)[2020/01/08 10:36:14.113]
D:\~runtimes\log\log-20200108.log

(424)[2020/01/08 10:36:14.603]
D:\~runtimes\log\log-20200108.log

(425)[2020/01/08 10:36:15.102]
D:\~runtimes\log\log-20200108.log

(426)[2020/01/08 10:36:15.595]
D:\~runtimes\log\log-20200108.log

(427)[2020/01/08 10:36:16.090]
D:\~runtimes\log\log-20200108.log

(428)[2020/01/08 10:36:16.608]
D:\~runtimes\log\log-20200108.log

(429)[2020/01/08 10:36:17.140]
D:\~runtimes\log\log-20200108.log

(430)[2020/01/08 10:36:17.638]
D:\~runtimes\log\log-20200108.log

(431)[2020/01/08 10:36:18.182]
D:\~runtimes\log\log-20200108.log

(432)[2020/01/08 10:36:18.635]
D:\~runtimes\log\log-20200108.log

(433)[2020/01/08 10:36:19.166]
D:\~runtimes\log\log-20200108.log

(434)[2020/01/08 10:36:19.650]
D:\~runtimes\log\log-20200108.log

(435)[2020/01/08 10:36:24.118]
D:\Users\jianglong\Desktop\文件夹

(436)[2020/01/08 10:36:24.118]
D:\Users\jianglong\Desktop\快捷方式

(437)[2020/01/08 10:36:24.133]
D:\Users\jianglong\OneDrive

(438)[2020/01/08 10:36:24.165]
D:\Subversion\一键拉取所有项目.bat

(439)[2020/01/08 10:36:24.180]
D:\Subversion\svn库.lnk

(446)[2020/01/08 10:36:24.196]
D:\Subversion\git命令.lnk

(455)[2020/01/08 10:36:24.196]
D:\Users\jianglong\Desktop

(467)[2020/01/08 10:36:24.212]
D:\Subversion\common-test

(468)[2020/01/08 10:36:24.212]
D:\Subversion\admin-sbp-server

(469)[2020/01/08 10:36:30.976]
D:\Users\jianglong\Desktop

(477)[2020/01/08 10:36:30.991]
D:\Users\jianglong\Desktop\快捷方式

(479)[2020/01/08 10:36:30.991]
D:\Users\jianglong\Desktop\文件夹

(482)[2020/01/08 10:36:31.007]
D:\Users\jianglong\3D Objects

(487)[2020/01/08 10:36:31.023]
D:\Users\jianglong\Music

(492)[2020/01/08 10:36:31.085]
D:\Users\jianglong\3D Objects

(497)[2020/01/08 10:36:31.085]
D:\Users\jianglong\Desktop

(501)[2020/01/08 10:36:31.101]
D:\Users\jianglong\Music

(502)[2020/01/08 10:36:32.428]
D:\~backup

(512)[2020/01/08 10:36:32.444]
D:\projects-unity

(513)[2020/01/08 10:36:32.444]
D:\projects-idea

(514)[2020/01/08 10:36:32.460]
D:\projects-android

(515)[2020/01/08 10:36:32.460]
D:\projects

(516)[2020/01/08 10:36:32.475]
D:\Program_Files

(517)[2020/01/08 10:36:32.475]
D:\Program Files (x86)

(518)[2020/01/08 10:36:32.491]
D:\Program Files

(519)[2020/01/08 10:36:32.491]
D:\MapTiles

(520)[2020/01/08 10:36:32.491]
D:\IIS

(521)[2020/01/08 10:36:32.507]
D:\Github

(522)[2020/01/08 10:36:32.507]
D:\GHOST

(523)[2020/01/08 10:36:34.037]
D:\TortoiseGitNotPushedIconOverlayor\runtimes

(532)[2020/01/08 10:36:34.053]
D:\TortoiseGitNotPushedIconOverlayor\CommonUtils.pdb

(542)[2020/01/08 10:36:34.053]
D:\TortoiseGitNotPushedIconOverlayor\Newtonsoft.Json.dll

(543)[2020/01/08 10:36:34.069]
D:\TortoiseGitNotPushedIconOverlayor\System.Runtime.CompilerServices.Unsafe.dll

(544)[2020/01/08 10:36:34.069]
D:\TortoiseGitNotPushedIconOverlayor\System.Numerics.Vectors.dll

(545)[2020/01/08 10:36:34.084]
D:\TortoiseGitNotPushedIconOverlayor\System.Net.Sockets.dll

(546)[2020/01/08 10:36:34.084]
D:\TortoiseGitNotPushedIconOverlayor\System.Net.Http.dll

(547)[2020/01/08 10:36:34.100]
D:\TortoiseGitNotPushedIconOverlayor\System.Memory.dll

(548)[2020/01/08 10:36:34.100]
D:\TortoiseGitNotPushedIconOverlayor\System.IO.Compression.dll

(549)[2020/01/08 10:36:34.116]
D:\TortoiseGitNotPushedIconOverlayor\System.Buffers.dll

(550)[2020/01/08 10:36:34.116]
D:\TortoiseGitNotPushedIconOverlayor\SQLitePCLRaw.core.dll

(551)[2020/01/08 10:36:34.116]
D:\TortoiseGitNotPushedIconOverlayor\SharpShell.dll

(552)[2020/01/08 10:36:34.131]
D:\TortoiseGitNotPushedIconOverlayor\ServiceStack.Text.dll

(553)[2020/01/08 10:36:34.131]
D:\TortoiseGitNotPushedIconOverlayor\ServiceStack.Redis.dll

(554)[2020/01/08 10:36:34.147]
D:\TortoiseGitNotPushedIconOverlayor\ServiceStack.Interfaces.dll

(555)[2020/01/08 10:36:34.147]
D:\TortoiseGitNotPushedIconOverlayor\ServiceStack.Common.dll

(556)[2020/01/08 10:36:34.162]
D:\TortoiseGitNotPushedIconOverlayor\Renci.SshNet.dll

(557)[2020/01/08 10:36:34.162]
D:\TortoiseGitNotPushedIconOverlayor\RegAsm.exe

(558)[2020/01/08 10:36:34.162]
D:\TortoiseGitNotPushedIconOverlayor\RabbitMQ.Client.dll

(559)[2020/01/08 10:36:34.178]
D:\TortoiseGitNotPushedIconOverlayor\Oracle.ManagedDataAccess.dll

(560)[2020/01/08 10:36:34.178]
D:\TortoiseGitNotPushedIconOverlayor\Npgsql.pdb

(561)[2020/01/08 10:36:34.334]
D:\TortoiseGitNotPushedIconOverlayor\System.Text.Encodings.Web.dll

(564)[2020/01/08 10:36:34.350]
D:\TortoiseGitNotPushedIconOverlayor\System.ValueTuple.dll

(567)[2020/01/08 10:36:34.381]
D:\TortoiseGitNotPushedIconOverlayor\TortoiseGitNotPushedIconOverlayor.pdb

(572)[2020/01/08 10:36:38.255]
D:\Users\jianglong\Desktop\文件夹

(573)[2020/01/08 10:36:38.271]
D:\Users\jianglong\Desktop\快捷方式

(576)[2020/01/08 10:36:38.302]
D:\Users\jianglong\Desktop\BlueStacks蓝叠.lnk

(580)[2020/01/08 10:36:38.318]
D:\Users\jianglong\Desktop\Asset Store-5.x.lnk

(589)[2020/01/08 10:36:38.333]
D:\Users\jianglong\Desktop\android studio.lnk

(597)[2020/01/08 10:36:38.333]
D:\Users\jianglong\Desktop\Adobe Photoshop CC 2017.lnk

(603)[2020/01/08 10:36:38.349]
D:\Users\jianglong\Desktop\RedisDesktopManager.lnk

(611)[2020/01/08 10:36:38.365]
D:\Users\jianglong\Desktop\TortoiseGitNotPushedIconOverlayor.lnk

(616)[2020/01/08 10:36:38.365]
D:\Users\jianglong\Desktop\TsRemux.lnk

(629)[2020/01/08 10:36:38.380]
D:\Users\jianglong\Desktop\公用桌面.lnk

(634)[2020/01/08 10:36:38.396]
D:\Users\jianglong\Desktop\向日葵.lnk

(639)[2020/01/08 10:36:38.411]
D:\Users\jianglong\Desktop\快捷方式

(651)[2020/01/08 10:36:38.443]
D:\Users\jianglong\Desktop\启动.lnk

(653)[2020/01/08 10:36:38.474]
D:\Users\jianglong\Desktop\快捷方式

(672)[2020/01/08 10:36:38.490]
D:\Users\jianglong\Desktop\Eclipse Java 2019-03.lnk

(682)[2020/01/08 10:36:38.490]
D:\Users\jianglong\Desktop\Steam.lnk

(692)[2020/01/08 10:36:38.505]
D:\Users\jianglong\Desktop\右键管家.lnk

(705)[2020/01/08 10:36:38.521]
D:\TortoiseGitNotPushedIconOverlayor\TortoiseGitNotPushedIconOverlayHandler.dll

(712)[2020/01/08 10:36:38.536]
D:\Users\jianglong\Desktop\启动.lnk

(721)[2020/01/08 10:36:38.552]
D:\TortoiseGitNotPushedIconOverlayor\ThoughtWorks.QRCode.dll

(728)[2020/01/08 10:36:38.552]
G:\

(745)[2020/01/08 10:36:38.568]
D:\Users\jianglong\3D Objects

(750)[2020/01/08 10:36:38.583]
D:\TortoiseGitNotPushedIconOverlayor\System.Numerics.Vectors.dll

(754)[2020/01/08 10:36:38.583]
D:\TortoiseGitNotPushedIconOverlayor\System.Net.Sockets.dll

(755)[2020/01/08 10:36:38.599]
D:\TortoiseGitNotPushedIconOverlayor\System.Net.Http.dll

(756)[2020/01/08 10:36:38.599]
D:\TortoiseGitNotPushedIconOverlayor\System.Memory.dll

(757)[2020/01/08 10:36:38.615]
D:\TortoiseGitNotPushedIconOverlayor\System.IO.Compression.dll

(758)[2020/01/08 10:36:38.615]
D:\TortoiseGitNotPushedIconOverlayor\System.Buffers.dll

(759)[2020/01/08 10:36:38.630]
D:\TortoiseGitNotPushedIconOverlayor\SQLitePCLRaw.core.dll

(760)[2020/01/08 10:36:38.630]
D:\TortoiseGitNotPushedIconOverlayor\SharpShell.dll

(761)[2020/01/08 10:36:38.646]
D:\TortoiseGitNotPushedIconOverlayor\ServiceStack.Text.dll

(762)[2020/01/08 10:36:38.646]
D:\TortoiseGitNotPushedIconOverlayor\ServiceStack.Redis.dll

(763)[2020/01/08 10:36:38.661]
D:\TortoiseGitNotPushedIconOverlayor\ServiceStack.Interfaces.dll

(764)[2020/01/08 10:36:38.661]
D:\TortoiseGitNotPushedIconOverlayor\ServiceStack.Common.dll

(765)[2020/01/08 10:36:38.661]
D:\TortoiseGitNotPushedIconOverlayor\Renci.SshNet.dll

(766)[2020/01/08 10:36:38.677]
D:\TortoiseGitNotPushedIconOverlayor\RegAsm.exe

(767)[2020/01/08 10:36:38.677]
D:\TortoiseGitNotPushedIconOverlayor\RabbitMQ.Client.dll

(768)[2020/01/08 10:36:38.693]
D:\TortoiseGitNotPushedIconOverlayor\Oracle.ManagedDataAccess.dll

(769)[2020/01/08 10:36:38.693]
D:\TortoiseGitNotPushedIconOverlayor\Npgsql.pdb

(770)[2020/01/08 10:36:38.693]
D:\TortoiseGitNotPushedIconOverlayor\Npgsql.dll

(771)[2020/01/08 10:36:38.708]
D:\TortoiseGitNotPushedIconOverlayor\Newtonsoft.Json.dll

(772)[2020/01/08 10:36:38.708]
D:\TortoiseGitNotPushedIconOverlayor\netstandard.dll

(773)[2020/01/08 10:36:38.724]
D:\TortoiseGitNotPushedIconOverlayor\MySql.Data.dll

(774)[2020/01/08 10:36:38.724]
D:\TortoiseGitNotPushedIconOverlayor\Microsoft.Diagnostics.Tracing.EventSource.dll

(775)[2020/01/08 10:36:38.739]
D:\TortoiseGitNotPushedIconOverlayor\Microsoft.Data.Sqlite.dll

(776)[2020/01/08 10:36:38.739]
D:\TortoiseGitNotPushedIconOverlayor\Microsoft.Bcl.AsyncInterfaces.dll

(777)[2020/01/08 10:36:38.755]
D:\TortoiseGitNotPushedIconOverlayor\LinqKit.dll

(778)[2020/01/08 10:36:38.755]
D:\TortoiseGitNotPushedIconOverlayor\Google.Protobuf.dll

(779)[2020/01/08 10:36:38.755]
D:\TortoiseGitNotPushedIconOverlayor\EntityFramework.dll

(780)[2020/01/08 10:36:38.771]
D:\TortoiseGitNotPushedIconOverlayor\CommonUtils.pdb

(781)[2020/01/08 10:36:45.988]
D:\Subversion\一键拉取所有项目.bat

(782)[2020/01/08 10:36:46.004]
D:\Subversion\svn库.lnk

(788)[2020/01/08 10:36:46.019]
D:\Subversion\git命令.lnk

(794)[2020/01/08 10:36:46.019]
D:\Subversion\git库.lnk

(798)[2020/01/08 10:36:46.035]
D:\Subversion\TortoiseGitNotPushedIconOverlayor

(799)[2020/01/08 10:36:46.050]
D:\Subversion\TortoiseGit

(805)[2020/01/08 10:36:46.050]
D:\Subversion\sharpshell

(811)[2020/01/08 10:36:46.066]
D:\Subversion\Product_MKDV

(812)[2020/01/08 10:36:46.066]
D:\Subversion\CommonUtils-dot-net-core

(813)[2020/01/08 10:36:46.082]
D:\Subversion\CommonUtils-dot-net

(814)[2020/01/08 10:36:46.082]
D:\Subversion\common-unity

(815)[2020/01/08 10:36:46.082]
D:\Subversion\common-test

(816)[2020/01/08 10:36:46.097]
D:\Subversion\admin-sbp-server

(817)[2020/01/08 10:36:46.956]
D:\~backup

(828)[2020/01/08 10:36:46.972]
D:\TortoiseGitNotPushedIconOverlayor

(837)[2020/01/08 10:36:46.972]
D:\Subversion

(838)[2020/01/08 10:36:48.815]
D:\TortoiseGitNotPushedIconOverlayor\runtimes

(848)[2020/01/08 10:36:48.815]
D:\TortoiseGitNotPushedIconOverlayor\EntityFramework.dll

(857)[2020/01/08 10:36:48.831]
D:\TortoiseGitNotPushedIconOverlayor\ServiceStack.Common.dll

(866)[2020/01/08 10:36:48.847]
D:\TortoiseGitNotPushedIconOverlayor\System.Numerics.Vectors.dll

(873)[2020/01/08 10:36:48.847]
D:\TortoiseGitNotPushedIconOverlayor\RabbitMQ.Client.dll

(876)[2020/01/08 10:36:49.175]
D:\TortoiseGitNotPushedIconOverlayor\System.Text.Encodings.Web.dll

(879)[2020/01/08 10:36:49.206]
D:\TortoiseGitNotPushedIconOverlayor\TortoiseGitNotPushedIconOverlayor.pdb

(887)[2020/01/08 10:36:52.346]
D:\TortoiseGitNotPushedIconOverlayor\Google.Protobuf.dll

(899)[2020/01/08 10:36:52.362]
D:\TortoiseGitNotPushedIconOverlayor\ThoughtWorks.QRCode.dll

(901)[2020/01/08 10:36:52.377]
D:\Users\jianglong\Desktop\新建 文本文档.txt

(903)[2020/01/08 10:36:52.393]
D:\Users\jianglong\Desktop\todo.txt

(910)[2020/01/08 10:36:52.408]
D:\Users\jianglong\Desktop\CommonUtils-dot-net-core.lnk

(916)[2020/01/08 10:36:52.408]
D:\Users\jianglong\Desktop\FileZilla Client.lnk

(923)[2020/01/08 10:36:52.424]
D:\Users\jianglong\Desktop\L梁箫.lnk

(928)[2020/01/08 10:36:52.440]
D:\Users\jianglong\Desktop\Postman.lnk

(935)[2020/01/08 10:36:52.440]
D:\Users\jianglong\Desktop\Steam.lnk

(942)[2020/01/08 10:36:52.455]
D:\Users\jianglong\Desktop\Unity Hub.lnk

(947)[2020/01/08 10:36:52.455]
D:\Users\jianglong\Desktop\Visual Studio Code.lnk

(953)[2020/01/08 10:36:52.471]
D:\Users\jianglong\Desktop\公用桌面.lnk

(959)[2020/01/08 10:36:52.486]
D:\Users\jianglong\Desktop\程序.lnk

(966)[2020/01/08 10:36:52.502]
D:\TortoiseGitNotPushedIconOverlayor\CommonUtils.pdb

(978)[2020/01/08 10:36:52.518]
D:\Users\jianglong\Desktop\NormalIcon.png

(987)[2020/01/08 10:36:52.533]
D:\TortoiseGitNotPushedIconOverlayor\System.Text.Json.dll

(1002)[2020/01/08 10:36:52.533]
D:\Users\jianglong\Desktop\我的工作项.url

(1003)[2020/01/08 10:36:52.549]
D:\Users\jianglong\Desktop\日报.url

(1004)[2020/01/08 10:36:52.565]
D:\Users\jianglong\Desktop\yf-server.url

